<?xml version="1.0" encoding="UTF-8"?>
<coverage generated="1662161583986" clover="3.2.0">
  <project timestamp="1662161583986" name="All files">
    <metrics statements="128" coveredstatements="113" conditionals="37" coveredconditionals="28" methods="46" coveredmethods="37" elements="211" coveredelements="178" complexity="0" loc="128" ncloc="128" packages="6" files="13" classes="13"/>
    <package name="src">
      <metrics statements="6" coveredstatements="6" conditionals="0" coveredconditionals="0" methods="2" coveredmethods="2"/>
      <file name="App.js" path="/home/coelho/Projetos-Trybe/Projetos-Turma23A/sd-023-a-project-trybewallet/src/App.js">
        <metrics statements="1" coveredstatements="1" conditionals="0" coveredconditionals="0" methods="1" coveredmethods="1"/>
        <line num="8" count="15" type="stmt"/>
      </file>
      <file name="requestAPI.js" path="/home/coelho/Projetos-Trybe/Projetos-Turma23A/sd-023-a-project-trybewallet/src/requestAPI.js">
        <metrics statements="5" coveredstatements="5" conditionals="0" coveredconditionals="0" methods="1" coveredmethods="1"/>
        <line num="1" count="1" type="stmt"/>
        <line num="2" count="2" type="stmt"/>
        <line num="3" count="2" type="stmt"/>
        <line num="4" count="1" type="stmt"/>
        <line num="5" count="1" type="stmt"/>
      </file>
    </package>
    <package name="src.components">
      <metrics statements="50" coveredstatements="42" conditionals="14" coveredconditionals="9" methods="22" coveredmethods="18"/>
      <file name="Header.js" path="/home/coelho/Projetos-Trybe/Projetos-Turma23A/sd-023-a-project-trybewallet/src/components/Header.js">
        <metrics statements="8" coveredstatements="8" conditionals="2" coveredconditionals="2" methods="4" coveredmethods="4"/>
        <line num="6" count="10" type="stmt"/>
        <line num="7" count="12" type="cond" truecount="2" falsecount="0"/>
        <line num="9" count="1" type="stmt"/>
        <line num="12" count="12" type="stmt"/>
        <line num="16" count="12" type="stmt"/>
        <line num="18" count="12" type="stmt"/>
        <line num="33" count="13" type="stmt"/>
        <line num="40" count="1" type="stmt"/>
      </file>
      <file name="Table.js" path="/home/coelho/Projetos-Trybe/Projetos-Turma23A/sd-023-a-project-trybewallet/src/components/Table.js">
        <metrics statements="20" coveredstatements="17" conditionals="6" coveredconditionals="3" methods="10" coveredmethods="8"/>
        <line num="7" count="10" type="stmt"/>
        <line num="8" count="1" type="stmt"/>
        <line num="9" count="1" type="cond" truecount="1" falsecount="1"/>
        <line num="10" count="1" type="cond" truecount="1" falsecount="1"/>
        <line num="12" count="1" type="stmt"/>
        <line num="15" count="10" type="stmt"/>
        <line num="16" count="0" type="stmt"/>
        <line num="17" count="0" type="stmt"/>
        <line num="21" count="12" type="stmt"/>
        <line num="22" count="12" type="stmt"/>
        <line num="23" count="12" type="stmt"/>
        <line num="24" count="1" type="stmt"/>
        <line num="25" count="1" type="stmt"/>
        <line num="39" count="1" type="stmt"/>
        <line num="46" count="0" type="stmt"/>
        <line num="55" count="12" type="stmt"/>
        <line num="76" count="13" type="stmt"/>
        <line num="80" count="10" type="stmt"/>
        <line num="81" count="1" type="stmt"/>
        <line num="86" count="1" type="stmt"/>
      </file>
      <file name="WalletForm.js" path="/home/coelho/Projetos-Trybe/Projetos-Turma23A/sd-023-a-project-trybewallet/src/components/WalletForm.js">
        <metrics statements="22" coveredstatements="17" conditionals="6" coveredconditionals="4" methods="8" coveredmethods="6"/>
        <line num="7" count="1" type="stmt"/>
        <line num="17" count="10" type="stmt"/>
        <line num="19" count="10" type="stmt"/>
        <line num="20" count="1" type="stmt"/>
        <line num="21" count="1" type="stmt"/>
        <line num="22" count="1" type="stmt"/>
        <line num="23" count="1" type="stmt"/>
        <line num="26" count="10" type="stmt"/>
        <line num="27" count="9" type="stmt"/>
        <line num="32" count="10" type="stmt"/>
        <line num="33" count="0" type="stmt"/>
        <line num="34" count="0" type="stmt"/>
        <line num="35" count="0" type="stmt"/>
        <line num="36" count="0" type="stmt"/>
        <line num="40" count="20" type="stmt"/>
        <line num="41" count="20" type="stmt"/>
        <line num="42" count="20" type="stmt"/>
        <line num="77" count="0" type="stmt"/>
        <line num="126" count="13" type="stmt"/>
        <line num="132" count="10" type="stmt"/>
        <line num="133" count="1" type="stmt"/>
        <line num="138" count="1" type="stmt"/>
      </file>
    </package>
    <package name="src.helpers">
      <metrics statements="3" coveredstatements="3" conditionals="5" coveredconditionals="5" methods="1" coveredmethods="1"/>
      <file name="mockData.js" path="/home/coelho/Projetos-Trybe/Projetos-Turma23A/sd-023-a-project-trybewallet/src/helpers/mockData.js">
        <metrics statements="1" coveredstatements="1" conditionals="0" coveredconditionals="0" methods="0" coveredmethods="0"/>
        <line num="1" count="1" type="stmt"/>
      </file>
      <file name="renderWith.js" path="/home/coelho/Projetos-Trybe/Projetos-Turma23A/sd-023-a-project-trybewallet/src/helpers/renderWith.js">
        <metrics statements="2" coveredstatements="2" conditionals="5" coveredconditionals="5" methods="1" coveredmethods="1"/>
        <line num="11" count="1" type="stmt"/>
        <line num="28" count="15" type="stmt"/>
      </file>
    </package>
    <package name="src.pages">
      <metrics statements="22" coveredstatements="22" conditionals="5" coveredconditionals="5" methods="5" coveredmethods="5"/>
      <file name="Login.jsx" path="/home/coelho/Projetos-Trybe/Projetos-Turma23A/sd-023-a-project-trybewallet/src/pages/Login.jsx">
        <metrics statements="21" coveredstatements="21" conditionals="5" coveredconditionals="5" methods="4" coveredmethods="4"/>
        <line num="6" count="1" type="stmt"/>
        <line num="9" count="6" type="stmt"/>
        <line num="15" count="6" type="stmt"/>
        <line num="16" count="1" type="stmt"/>
        <line num="17" count="1" type="stmt"/>
        <line num="18" count="1" type="stmt"/>
        <line num="20" count="1" type="stmt"/>
        <line num="21" count="1" type="stmt"/>
        <line num="22" count="1" type="stmt"/>
        <line num="25" count="6" type="stmt"/>
        <line num="26" count="59" type="stmt"/>
        <line num="27" count="59" type="stmt"/>
        <line num="28" count="59" type="cond" truecount="3" falsecount="0"/>
        <line num="30" count="59" type="cond" truecount="2" falsecount="0"/>
        <line num="31" count="1" type="stmt"/>
        <line num="33" count="58" type="stmt"/>
        <line num="37" count="6" type="stmt"/>
        <line num="38" count="59" type="stmt"/>
        <line num="44" count="124" type="stmt"/>
        <line num="46" count="124" type="stmt"/>
        <line num="86" count="1" type="stmt"/>
      </file>
      <file name="Wallet.jsx" path="/home/coelho/Projetos-Trybe/Projetos-Turma23A/sd-023-a-project-trybewallet/src/pages/Wallet.jsx">
        <metrics statements="1" coveredstatements="1" conditionals="0" coveredconditionals="0" methods="1" coveredmethods="1"/>
        <line num="9" count="10" type="stmt"/>
      </file>
    </package>
    <package name="src.redux.actions">
      <metrics statements="29" coveredstatements="26" conditionals="0" coveredconditionals="0" methods="14" coveredmethods="9"/>
      <file name="index.js" path="/home/coelho/Projetos-Trybe/Projetos-Turma23A/sd-023-a-project-trybewallet/src/redux/actions/index.js">
        <metrics statements="29" coveredstatements="26" conditionals="0" coveredconditionals="0" methods="14" coveredmethods="9"/>
        <line num="3" count="1" type="stmt"/>
        <line num="4" count="1" type="stmt"/>
        <line num="5" count="1" type="stmt"/>
        <line num="6" count="1" type="stmt"/>
        <line num="7" count="1" type="stmt"/>
        <line num="8" count="1" type="stmt"/>
        <line num="9" count="1" type="stmt"/>
        <line num="10" count="1" type="stmt"/>
        <line num="11" count="1" type="stmt"/>
        <line num="13" count="1" type="stmt"/>
        <line num="19" count="1" type="stmt"/>
        <line num="23" count="1" type="stmt"/>
        <line num="28" count="1" type="stmt"/>
        <line num="33" count="1" type="stmt"/>
        <line num="37" count="1" type="stmt"/>
        <line num="42" count="1" type="stmt"/>
        <line num="47" count="1" type="stmt"/>
        <line num="52" count="1" type="stmt"/>
        <line num="57" count="1" type="stmt"/>
        <line num="58" count="1" type="stmt"/>
        <line num="59" count="1" type="stmt"/>
        <line num="61" count="0" type="stmt"/>
        <line num="62" count="0" type="stmt"/>
        <line num="64" count="0" type="stmt"/>
        <line num="68" count="1" type="stmt"/>
        <line num="69" count="1" type="stmt"/>
        <line num="70" count="1" type="stmt"/>
        <line num="71" count="1" type="stmt"/>
        <line num="76" count="1" type="stmt"/>
      </file>
    </package>
    <package name="src.redux.reducers">
      <metrics statements="18" coveredstatements="14" conditionals="13" coveredconditionals="9" methods="2" coveredmethods="2"/>
      <file name="index.js" path="/home/coelho/Projetos-Trybe/Projetos-Turma23A/sd-023-a-project-trybewallet/src/redux/reducers/index.js">
        <metrics statements="1" coveredstatements="1" conditionals="0" coveredconditionals="0" methods="0" coveredmethods="0"/>
        <line num="6" count="1" type="stmt"/>
      </file>
      <file name="user.js" path="/home/coelho/Projetos-Trybe/Projetos-Turma23A/sd-023-a-project-trybewallet/src/redux/reducers/user.js">
        <metrics statements="5" coveredstatements="5" conditionals="3" coveredconditionals="3" methods="1" coveredmethods="1"/>
        <line num="4" count="1" type="stmt"/>
        <line num="8" count="1" type="cond" truecount="1" falsecount="0"/>
        <line num="9" count="22" type="cond" truecount="2" falsecount="0"/>
        <line num="10" count="1" type="stmt"/>
        <line num="14" count="21" type="stmt"/>
      </file>
      <file name="wallet.js" path="/home/coelho/Projetos-Trybe/Projetos-Turma23A/sd-023-a-project-trybewallet/src/redux/reducers/wallet.js">
        <metrics statements="12" coveredstatements="8" conditionals="10" coveredconditionals="6" methods="1" coveredmethods="1"/>
        <line num="13" count="1" type="stmt"/>
        <line num="24" count="1" type="cond" truecount="1" falsecount="0"/>
        <line num="25" count="22" type="cond" truecount="5" falsecount="4"/>
        <line num="26" count="1" type="stmt"/>
        <line num="31" count="0" type="stmt"/>
        <line num="37" count="0" type="stmt"/>
        <line num="44" count="1" type="stmt"/>
        <line num="48" count="1" type="stmt"/>
        <line num="55" count="1" type="stmt"/>
        <line num="60" count="0" type="stmt"/>
        <line num="66" count="0" type="stmt"/>
        <line num="72" count="18" type="stmt"/>
      </file>
    </package>
  </project>
</coverage>
