{"total": {"lines":{"total":95,"covered":73,"skipped":0,"pct":76.84},"statements":{"total":107,"covered":79,"skipped":0,"pct":73.83},"functions":{"total":33,"covered":21,"skipped":0,"pct":63.63},"branches":{"total":24,"covered":20,"skipped":0,"pct":83.33},"branchesTrue":{"total":0,"covered":0,"skipped":0,"pct":100}}
,"/home/coelho/Projetos-Trybe/Projetos-Turma23A/sd-023-a-project-trybewallet/src/App.js": {"lines":{"total":1,"covered":1,"skipped":0,"pct":100},"functions":{"total":1,"covered":1,"skipped":0,"pct":100},"statements":{"total":1,"covered":1,"skipped":0,"pct":100},"branches":{"total":0,"covered":0,"skipped":0,"pct":100}}
,"/home/coelho/Projetos-Trybe/Projetos-Turma23A/sd-023-a-project-trybewallet/src/requestAPI.js": {"lines":{"total":5,"covered":3,"skipped":0,"pct":60},"functions":{"total":1,"covered":1,"skipped":0,"pct":100},"statements":{"total":5,"covered":3,"skipped":0,"pct":60},"branches":{"total":0,"covered":0,"skipped":0,"pct":100}}
,"/home/coelho/Projetos-Trybe/Projetos-Turma23A/sd-023-a-project-trybewallet/src/components/Header.js": {"lines":{"total":8,"covered":7,"skipped":0,"pct":87.5},"functions":{"total":4,"covered":3,"skipped":0,"pct":75},"statements":{"total":9,"covered":8,"skipped":0,"pct":88.88},"branches":{"total":2,"covered":2,"skipped":0,"pct":100}}
,"/home/coelho/Projetos-Trybe/Projetos-Turma23A/sd-023-a-project-trybewallet/src/components/Table.js": {"lines":{"total":1,"covered":1,"skipped":0,"pct":100},"functions":{"total":1,"covered":1,"skipped":0,"pct":100},"statements":{"total":1,"covered":1,"skipped":0,"pct":100},"branches":{"total":0,"covered":0,"skipped":0,"pct":100}}
,"/home/coelho/Projetos-Trybe/Projetos-Turma23A/sd-023-a-project-trybewallet/src/components/WalletForm.js": {"lines":{"total":17,"covered":10,"skipped":0,"pct":58.82},"functions":{"total":7,"covered":3,"skipped":0,"pct":42.85},"statements":{"total":19,"covered":12,"skipped":0,"pct":63.15},"branches":{"total":2,"covered":2,"skipped":0,"pct":100}}
,"/home/coelho/Projetos-Trybe/Projetos-Turma23A/sd-023-a-project-trybewallet/src/helpers/mockData.js": {"lines":{"total":1,"covered":0,"skipped":0,"pct":0},"functions":{"total":0,"covered":0,"skipped":0,"pct":100},"statements":{"total":1,"covered":0,"skipped":0,"pct":0},"branches":{"total":0,"covered":0,"skipped":0,"pct":100}}
,"/home/coelho/Projetos-Trybe/Projetos-Turma23A/sd-023-a-project-trybewallet/src/helpers/renderWith.js": {"lines":{"total":2,"covered":2,"skipped":0,"pct":100},"functions":{"total":1,"covered":1,"skipped":0,"pct":100},"statements":{"total":2,"covered":2,"skipped":0,"pct":100},"branches":{"total":5,"covered":5,"skipped":0,"pct":100}}
,"/home/coelho/Projetos-Trybe/Projetos-Turma23A/sd-023-a-project-trybewallet/src/pages/Login.jsx": {"lines":{"total":21,"covered":21,"skipped":0,"pct":100},"functions":{"total":4,"covered":4,"skipped":0,"pct":100},"statements":{"total":21,"covered":21,"skipped":0,"pct":100},"branches":{"total":5,"covered":5,"skipped":0,"pct":100}}
,"/home/coelho/Projetos-Trybe/Projetos-Turma23A/sd-023-a-project-trybewallet/src/pages/Wallet.jsx": {"lines":{"total":1,"covered":1,"skipped":0,"pct":100},"functions":{"total":1,"covered":1,"skipped":0,"pct":100},"statements":{"total":1,"covered":1,"skipped":0,"pct":100},"branches":{"total":0,"covered":0,"skipped":0,"pct":100}}
,"/home/coelho/Projetos-Trybe/Projetos-Turma23A/sd-023-a-project-trybewallet/src/redux/actions/index.js": {"lines":{"total":23,"covered":16,"skipped":0,"pct":69.56},"functions":{"total":11,"covered":4,"skipped":0,"pct":36.36},"statements":{"total":32,"covered":19,"skipped":0,"pct":59.37},"branches":{"total":0,"covered":0,"skipped":0,"pct":100}}
,"/home/coelho/Projetos-Trybe/Projetos-Turma23A/sd-023-a-project-trybewallet/src/redux/reducers/index.js": {"lines":{"total":1,"covered":1,"skipped":0,"pct":100},"functions":{"total":0,"covered":0,"skipped":0,"pct":100},"statements":{"total":1,"covered":1,"skipped":0,"pct":100},"branches":{"total":0,"covered":0,"skipped":0,"pct":100}}
,"/home/coelho/Projetos-Trybe/Projetos-Turma23A/sd-023-a-project-trybewallet/src/redux/reducers/user.js": {"lines":{"total":5,"covered":5,"skipped":0,"pct":100},"functions":{"total":1,"covered":1,"skipped":0,"pct":100},"statements":{"total":5,"covered":5,"skipped":0,"pct":100},"branches":{"total":3,"covered":3,"skipped":0,"pct":100}}
,"/home/coelho/Projetos-Trybe/Projetos-Turma23A/sd-023-a-project-trybewallet/src/redux/reducers/wallet.js": {"lines":{"total":9,"covered":5,"skipped":0,"pct":55.55},"functions":{"total":1,"covered":1,"skipped":0,"pct":100},"statements":{"total":9,"covered":5,"skipped":0,"pct":55.55},"branches":{"total":7,"covered":3,"skipped":0,"pct":42.85}}
}
