{"/home/coelho/Projetos-Trybe/Projetos-Turma23A/sd-023-a-project-trybewallet/src/App.js": {"path":"/home/coelho/Projetos-Trybe/Projetos-Turma23A/sd-023-a-project-trybewallet/src/App.js","statementMap":{"0":{"start":{"line":8,"column":4},"end":{"line":15,"column":6}}},"fnMap":{"0":{"name":"(anonymous_0)","decl":{"start":{"line":7,"column":2},"end":{"line":7,"column":3}},"loc":{"start":{"line":7,"column":11},"end":{"line":16,"column":3}},"line":7}},"branchMap":{},"s":{"0":15},"f":{"0":15},"b":{},"_coverageSchema":"1a1c01bbd47fc00a2c39e90264f33305004495a9","hash":"8412dee8ee0cc92a5676e6b3dc8d74daa025c39c"}
,"/home/coelho/Projetos-Trybe/Projetos-Turma23A/sd-023-a-project-trybewallet/src/requestAPI.js": {"path":"/home/coelho/Projetos-Trybe/Projetos-Turma23A/sd-023-a-project-trybewallet/src/requestAPI.js","statementMap":{"0":{"start":{"line":1,"column":19},"end":{"line":6,"column":1}},"1":{"start":{"line":2,"column":14},"end":{"line":2,"column":59}},"2":{"start":{"line":3,"column":19},"end":{"line":3,"column":35}},"3":{"start":{"line":4,"column":15},"end":{"line":4,"column":36}},"4":{"start":{"line":5,"column":2},"end":{"line":5,"column":14}}},"fnMap":{"0":{"name":"(anonymous_0)","decl":{"start":{"line":1,"column":19},"end":{"line":1,"column":20}},"loc":{"start":{"line":1,"column":31},"end":{"line":6,"column":1}},"line":1}},"branchMap":{},"s":{"0":1,"1":2,"2":2,"3":1,"4":1},"f":{"0":2},"b":{},"_coverageSchema":"1a1c01bbd47fc00a2c39e90264f33305004495a9","hash":"df9392fc52c66072b1044ef2f1deb562373bd76d"}
,"/home/coelho/Projetos-Trybe/Projetos-Turma23A/sd-023-a-project-trybewallet/src/components/Header.js": {"path":"/home/coelho/Projetos-Trybe/Projetos-Turma23A/sd-023-a-project-trybewallet/src/components/Header.js","statementMap":{"0":{"start":{"line":6,"column":23},"end":{"line":13,"column":3}},"1":{"start":{"line":7,"column":26},"end":{"line":11,"column":19}},"2":{"start":{"line":9,"column":8},"end":{"line":11,"column":9}},"3":{"start":{"line":12,"column":4},"end":{"line":12,"column":25}},"4":{"start":{"line":16,"column":32},"end":{"line":16,"column":42}},"5":{"start":{"line":18,"column":4},"end":{"line":29,"column":6}},"6":{"start":{"line":33,"column":24},"end":{"line":36,"column":2}},"7":{"start":{"line":33,"column":36},"end":{"line":36,"column":1}},"8":{"start":{"line":40,"column":0},"end":{"line":43,"column":2}}},"fnMap":{"0":{"name":"(anonymous_0)","decl":{"start":{"line":6,"column":23},"end":{"line":6,"column":24}},"loc":{"start":{"line":6,"column":37},"end":{"line":13,"column":3}},"line":6},"1":{"name":"(anonymous_1)","decl":{"start":{"line":8,"column":14},"end":{"line":8,"column":15}},"loc":{"start":{"line":9,"column":8},"end":{"line":11,"column":9}},"line":9},"2":{"name":"(anonymous_2)","decl":{"start":{"line":15,"column":2},"end":{"line":15,"column":3}},"loc":{"start":{"line":15,"column":11},"end":{"line":30,"column":3}},"line":15},"3":{"name":"(anonymous_3)","decl":{"start":{"line":33,"column":24},"end":{"line":33,"column":25}},"loc":{"start":{"line":33,"column":36},"end":{"line":36,"column":1}},"line":33}},"branchMap":{"0":{"loc":{"start":{"line":7,"column":26},"end":{"line":11,"column":19}},"type":"binary-expr","locations":[{"start":{"line":7,"column":26},"end":{"line":11,"column":14}},{"start":{"line":11,"column":18},"end":{"line":11,"column":19}}],"line":7}},"s":{"0":10,"1":12,"2":1,"3":12,"4":12,"5":12,"6":1,"7":13,"8":1},"f":{"0":12,"1":1,"2":12,"3":13},"b":{"0":[12,11]},"_coverageSchema":"1a1c01bbd47fc00a2c39e90264f33305004495a9","hash":"d9c14f273968c9b2083e8ff381b51b40c0ae4607"}
,"/home/coelho/Projetos-Trybe/Projetos-Turma23A/sd-023-a-project-trybewallet/src/components/Table.js": {"path":"/home/coelho/Projetos-Trybe/Projetos-Turma23A/sd-023-a-project-trybewallet/src/components/Table.js","statementMap":{"0":{"start":{"line":7,"column":25},"end":{"line":13,"column":3}},"1":{"start":{"line":8,"column":46},"end":{"line":8,"column":56}},"2":{"start":{"line":9,"column":33},"end":{"line":11,"column":37}},"3":{"start":{"line":10,"column":27},"end":{"line":11,"column":36}},"4":{"start":{"line":12,"column":4},"end":{"line":12,"column":46}},"5":{"start":{"line":15,"column":17},"end":{"line":18,"column":3}},"6":{"start":{"line":16,"column":25},"end":{"line":16,"column":35}},"7":{"start":{"line":17,"column":4},"end":{"line":17,"column":36}},"8":{"start":{"line":21,"column":25},"end":{"line":21,"column":35}},"9":{"start":{"line":22,"column":31},"end":{"line":22,"column":40}},"10":{"start":{"line":23,"column":24},"end":{"line":53,"column":6}},"11":{"start":{"line":24,"column":79},"end":{"line":24,"column":86}},"12":{"start":{"line":25,"column":6},"end":{"line":52,"column":8}},"13":{"start":{"line":39,"column":30},"end":{"line":39,"column":75}},"14":{"start":{"line":46,"column":30},"end":{"line":46,"column":47}},"15":{"start":{"line":55,"column":4},"end":{"line":72,"column":6}},"16":{"start":{"line":76,"column":24},"end":{"line":78,"column":2}},"17":{"start":{"line":76,"column":36},"end":{"line":78,"column":1}},"18":{"start":{"line":80,"column":27},"end":{"line":82,"column":2}},"19":{"start":{"line":80,"column":42},"end":{"line":82,"column":1}},"20":{"start":{"line":81,"column":37},"end":{"line":81,"column":76}},"21":{"start":{"line":86,"column":0},"end":{"line":90,"column":2}}},"fnMap":{"0":{"name":"(anonymous_0)","decl":{"start":{"line":7,"column":25},"end":{"line":7,"column":26}},"loc":{"start":{"line":7,"column":49},"end":{"line":13,"column":3}},"line":7},"1":{"name":"(anonymous_1)","decl":{"start":{"line":10,"column":14},"end":{"line":10,"column":15}},"loc":{"start":{"line":10,"column":27},"end":{"line":11,"column":36}},"line":10},"2":{"name":"(anonymous_2)","decl":{"start":{"line":15,"column":17},"end":{"line":15,"column":18}},"loc":{"start":{"line":15,"column":25},"end":{"line":18,"column":3}},"line":15},"3":{"name":"(anonymous_3)","decl":{"start":{"line":20,"column":2},"end":{"line":20,"column":3}},"loc":{"start":{"line":20,"column":11},"end":{"line":73,"column":3}},"line":20},"4":{"name":"(anonymous_4)","decl":{"start":{"line":23,"column":37},"end":{"line":23,"column":38}},"loc":{"start":{"line":23,"column":50},"end":{"line":53,"column":5}},"line":23},"5":{"name":"(anonymous_5)","decl":{"start":{"line":39,"column":24},"end":{"line":39,"column":25}},"loc":{"start":{"line":39,"column":30},"end":{"line":39,"column":75}},"line":39},"6":{"name":"(anonymous_6)","decl":{"start":{"line":46,"column":24},"end":{"line":46,"column":25}},"loc":{"start":{"line":46,"column":30},"end":{"line":46,"column":47}},"line":46},"7":{"name":"(anonymous_7)","decl":{"start":{"line":76,"column":24},"end":{"line":76,"column":25}},"loc":{"start":{"line":76,"column":36},"end":{"line":78,"column":1}},"line":76},"8":{"name":"(anonymous_8)","decl":{"start":{"line":80,"column":27},"end":{"line":80,"column":28}},"loc":{"start":{"line":80,"column":42},"end":{"line":82,"column":1}},"line":80},"9":{"name":"(anonymous_9)","decl":{"start":{"line":81,"column":23},"end":{"line":81,"column":24}},"loc":{"start":{"line":81,"column":37},"end":{"line":81,"column":76}},"line":81}},"branchMap":{"0":{"loc":{"start":{"line":9,"column":33},"end":{"line":11,"column":37}},"type":"cond-expr","locations":[{"start":{"line":9,"column":45},"end":{"line":9,"column":47}},{"start":{"line":9,"column":50},"end":{"line":11,"column":37}}],"line":9},"1":{"loc":{"start":{"line":10,"column":27},"end":{"line":11,"column":36}},"type":"binary-expr","locations":[{"start":{"line":10,"column":27},"end":{"line":10,"column":50}},{"start":{"line":10,"column":54},"end":{"line":11,"column":36}}],"line":10},"2":{"loc":{"start":{"line":69,"column":12},"end":{"line":69,"column":49}},"type":"cond-expr","locations":[{"start":{"line":69,"column":33},"end":{"line":69,"column":35}},{"start":{"line":69,"column":38},"end":{"line":69,"column":49}}],"line":69}},"s":{"0":10,"1":1,"2":1,"3":1,"4":1,"5":10,"6":0,"7":0,"8":12,"9":12,"10":12,"11":1,"12":1,"13":1,"14":0,"15":12,"16":1,"17":13,"18":1,"19":10,"20":1,"21":1},"f":{"0":1,"1":1,"2":0,"3":12,"4":1,"5":1,"6":0,"7":13,"8":10,"9":1},"b":{"0":[0,1],"1":[1,0],"2":[0,12]},"_coverageSchema":"1a1c01bbd47fc00a2c39e90264f33305004495a9","hash":"4b0dfffd7ce382398126358aef10b7166b89631f"}
,"/home/coelho/Projetos-Trybe/Projetos-Turma23A/sd-023-a-project-trybewallet/src/components/WalletForm.js": {"path":"/home/coelho/Projetos-Trybe/Projetos-Turma23A/sd-023-a-project-trybewallet/src/components/WalletForm.js","statementMap":{"0":{"start":{"line":7,"column":22},"end":{"line":14,"column":1}},"1":{"start":{"line":17,"column":10},"end":{"line":17,"column":30}},"2":{"start":{"line":19,"column":23},"end":{"line":24,"column":3}},"3":{"start":{"line":20,"column":4},"end":{"line":20,"column":27}},"4":{"start":{"line":21,"column":27},"end":{"line":21,"column":37}},"5":{"start":{"line":22,"column":4},"end":{"line":22,"column":27}},"6":{"start":{"line":23,"column":4},"end":{"line":23,"column":40}},"7":{"start":{"line":26,"column":17},"end":{"line":30,"column":3}},"8":{"start":{"line":27,"column":4},"end":{"line":29,"column":7}},"9":{"start":{"line":32,"column":23},"end":{"line":37,"column":3}},"10":{"start":{"line":33,"column":4},"end":{"line":33,"column":27}},"11":{"start":{"line":34,"column":25},"end":{"line":34,"column":35}},"12":{"start":{"line":35,"column":4},"end":{"line":35,"column":45}},"13":{"start":{"line":36,"column":4},"end":{"line":36,"column":30}},"14":{"start":{"line":40,"column":58},"end":{"line":40,"column":68}},"15":{"start":{"line":41,"column":45},"end":{"line":41,"column":55}},"16":{"start":{"line":42,"column":4},"end":{"line":122,"column":6}},"17":{"start":{"line":77,"column":16},"end":{"line":82,"column":25}},"18":{"start":{"line":126,"column":24},"end":{"line":130,"column":2}},"19":{"start":{"line":126,"column":36},"end":{"line":130,"column":1}},"20":{"start":{"line":132,"column":27},"end":{"line":134,"column":2}},"21":{"start":{"line":132,"column":42},"end":{"line":134,"column":1}},"22":{"start":{"line":133,"column":27},"end":{"line":133,"column":58}},"23":{"start":{"line":138,"column":0},"end":{"line":144,"column":2}}},"fnMap":{"0":{"name":"(anonymous_0)","decl":{"start":{"line":19,"column":23},"end":{"line":19,"column":24}},"loc":{"start":{"line":19,"column":40},"end":{"line":24,"column":3}},"line":19},"1":{"name":"(anonymous_1)","decl":{"start":{"line":26,"column":17},"end":{"line":26,"column":18}},"loc":{"start":{"line":26,"column":50},"end":{"line":30,"column":3}},"line":26},"2":{"name":"(anonymous_2)","decl":{"start":{"line":32,"column":23},"end":{"line":32,"column":24}},"loc":{"start":{"line":32,"column":34},"end":{"line":37,"column":3}},"line":32},"3":{"name":"(anonymous_3)","decl":{"start":{"line":39,"column":2},"end":{"line":39,"column":3}},"loc":{"start":{"line":39,"column":11},"end":{"line":123,"column":3}},"line":39},"4":{"name":"(anonymous_4)","decl":{"start":{"line":76,"column":29},"end":{"line":76,"column":30}},"loc":{"start":{"line":77,"column":16},"end":{"line":82,"column":25}},"line":77},"5":{"name":"(anonymous_5)","decl":{"start":{"line":126,"column":24},"end":{"line":126,"column":25}},"loc":{"start":{"line":126,"column":36},"end":{"line":130,"column":1}},"line":126},"6":{"name":"(anonymous_6)","decl":{"start":{"line":132,"column":27},"end":{"line":132,"column":28}},"loc":{"start":{"line":132,"column":42},"end":{"line":134,"column":1}},"line":132},"7":{"name":"(anonymous_7)","decl":{"start":{"line":133,"column":14},"end":{"line":133,"column":15}},"loc":{"start":{"line":133,"column":27},"end":{"line":133,"column":58}},"line":133}},"branchMap":{"0":{"loc":{"start":{"line":75,"column":14},"end":{"line":83,"column":13}},"type":"cond-expr","locations":[{"start":{"line":75,"column":27},"end":{"line":75,"column":54}},{"start":{"line":76,"column":14},"end":{"line":82,"column":27}}],"line":75},"1":{"loc":{"start":{"line":117,"column":20},"end":{"line":117,"column":76}},"type":"cond-expr","locations":[{"start":{"line":117,"column":27},"end":{"line":117,"column":50}},{"start":{"line":117,"column":53},"end":{"line":117,"column":76}}],"line":117},"2":{"loc":{"start":{"line":119,"column":11},"end":{"line":119,"column":56}},"type":"cond-expr","locations":[{"start":{"line":119,"column":18},"end":{"line":119,"column":34}},{"start":{"line":119,"column":37},"end":{"line":119,"column":56}}],"line":119}},"s":{"0":1,"1":10,"2":10,"3":1,"4":1,"5":1,"6":1,"7":10,"8":9,"9":10,"10":0,"11":0,"12":0,"13":0,"14":20,"15":20,"16":20,"17":0,"18":1,"19":13,"20":1,"21":10,"22":1,"23":1},"f":{"0":1,"1":9,"2":0,"3":20,"4":0,"5":13,"6":10,"7":1},"b":{"0":[1,19],"1":[0,20],"2":[0,20]},"_coverageSchema":"1a1c01bbd47fc00a2c39e90264f33305004495a9","hash":"f4f10cc3124f4f2cee007deef556c889e8e1e59b"}
,"/home/coelho/Projetos-Trybe/Projetos-Turma23A/sd-023-a-project-trybewallet/src/helpers/mockData.js": {"path":"/home/coelho/Projetos-Trybe/Projetos-Turma23A/sd-023-a-project-trybewallet/src/helpers/mockData.js","statementMap":{"0":{"start":{"line":1,"column":17},"end":{"line":210,"column":1}}},"fnMap":{},"branchMap":{},"s":{"0":1},"f":{},"b":{},"_coverageSchema":"1a1c01bbd47fc00a2c39e90264f33305004495a9","hash":"2a393cba369068f3c5528bd1d6909206f4d57213"}
,"/home/coelho/Projetos-Trybe/Projetos-Turma23A/sd-023-a-project-trybewallet/src/helpers/renderWith.js": {"path":"/home/coelho/Projetos-Trybe/Projetos-Turma23A/sd-023-a-project-trybewallet/src/helpers/renderWith.js","statementMap":{"0":{"start":{"line":11,"column":33},"end":{"line":44,"column":2}},"1":{"start":{"line":28,"column":6},"end":{"line":44,"column":1}}},"fnMap":{"0":{"name":"(anonymous_0)","decl":{"start":{"line":11,"column":33},"end":{"line":11,"column":34}},"loc":{"start":{"line":28,"column":6},"end":{"line":44,"column":1}},"line":28}},"branchMap":{"0":{"loc":{"start":{"line":13,"column":2},"end":{"line":27,"column":8}},"type":"default-arg","locations":[{"start":{"line":27,"column":6},"end":{"line":27,"column":8}}],"line":13},"1":{"loc":{"start":{"line":15,"column":4},"end":{"line":15,"column":21}},"type":"default-arg","locations":[{"start":{"line":15,"column":19},"end":{"line":15,"column":21}}],"line":15},"2":{"loc":{"start":{"line":19,"column":4},"end":{"line":19,"column":74}},"type":"default-arg","locations":[{"start":{"line":19,"column":12},"end":{"line":19,"column":74}}],"line":19},"3":{"loc":{"start":{"line":22,"column":4},"end":{"line":22,"column":26}},"type":"default-arg","locations":[{"start":{"line":22,"column":21},"end":{"line":22,"column":26}}],"line":22},"4":{"loc":{"start":{"line":26,"column":4},"end":{"line":26,"column":53}},"type":"default-arg","locations":[{"start":{"line":26,"column":14},"end":{"line":26,"column":53}}],"line":26}},"s":{"0":1,"1":15},"f":{"0":15},"b":{"0":[6],"1":[15],"2":[15],"3":[6],"4":[15]},"_coverageSchema":"1a1c01bbd47fc00a2c39e90264f33305004495a9","hash":"d0e6bca053441b62ca069c0d575ad34b05a737ec"}
,"/home/coelho/Projetos-Trybe/Projetos-Turma23A/sd-023-a-project-trybewallet/src/pages/Login.jsx": {"path":"/home/coelho/Projetos-Trybe/Projetos-Turma23A/sd-023-a-project-trybewallet/src/pages/Login.jsx","statementMap":{"0":{"start":{"line":6,"column":19},"end":{"line":6,"column":20}},"1":{"start":{"line":9,"column":10},"end":{"line":13,"column":3}},"2":{"start":{"line":15,"column":17},"end":{"line":23,"column":3}},"3":{"start":{"line":16,"column":4},"end":{"line":16,"column":27}},"4":{"start":{"line":17,"column":34},"end":{"line":17,"column":44}},"5":{"start":{"line":18,"column":22},"end":{"line":18,"column":32}},"6":{"start":{"line":20,"column":4},"end":{"line":20,"column":31}},"7":{"start":{"line":21,"column":4},"end":{"line":21,"column":42}},"8":{"start":{"line":22,"column":4},"end":{"line":22,"column":30}},"9":{"start":{"line":25,"column":21},"end":{"line":35,"column":3}},"10":{"start":{"line":26,"column":32},"end":{"line":26,"column":42}},"11":{"start":{"line":27,"column":22},"end":{"line":27,"column":56}},"12":{"start":{"line":28,"column":29},"end":{"line":29,"column":63}},"13":{"start":{"line":30,"column":4},"end":{"line":34,"column":5}},"14":{"start":{"line":31,"column":6},"end":{"line":31,"column":41}},"15":{"start":{"line":33,"column":6},"end":{"line":33,"column":40}},"16":{"start":{"line":37,"column":17},"end":{"line":41,"column":3}},"17":{"start":{"line":38,"column":4},"end":{"line":40,"column":30}},"18":{"start":{"line":44,"column":42},"end":{"line":44,"column":52}},"19":{"start":{"line":46,"column":4},"end":{"line":82,"column":6}},"20":{"start":{"line":86,"column":0},"end":{"line":91,"column":2}}},"fnMap":{"0":{"name":"(anonymous_0)","decl":{"start":{"line":15,"column":17},"end":{"line":15,"column":18}},"loc":{"start":{"line":15,"column":28},"end":{"line":23,"column":3}},"line":15},"1":{"name":"(anonymous_1)","decl":{"start":{"line":25,"column":21},"end":{"line":25,"column":22}},"loc":{"start":{"line":25,"column":27},"end":{"line":35,"column":3}},"line":25},"2":{"name":"(anonymous_2)","decl":{"start":{"line":37,"column":17},"end":{"line":37,"column":18}},"loc":{"start":{"line":37,"column":50},"end":{"line":41,"column":3}},"line":37},"3":{"name":"(anonymous_3)","decl":{"start":{"line":43,"column":2},"end":{"line":43,"column":3}},"loc":{"start":{"line":43,"column":11},"end":{"line":83,"column":3}},"line":43}},"branchMap":{"0":{"loc":{"start":{"line":28,"column":29},"end":{"line":29,"column":63}},"type":"binary-expr","locations":[{"start":{"line":28,"column":29},"end":{"line":29,"column":17}},{"start":{"line":29,"column":21},"end":{"line":29,"column":50}},{"start":{"line":29,"column":54},"end":{"line":29,"column":63}}],"line":28},"1":{"loc":{"start":{"line":30,"column":4},"end":{"line":34,"column":5}},"type":"if","locations":[{"start":{"line":30,"column":4},"end":{"line":34,"column":5}},{"start":{"line":32,"column":11},"end":{"line":34,"column":5}}],"line":30}},"s":{"0":1,"1":6,"2":6,"3":1,"4":1,"5":1,"6":1,"7":1,"8":1,"9":6,"10":59,"11":59,"12":59,"13":59,"14":1,"15":58,"16":6,"17":59,"18":124,"19":124,"20":1},"f":{"0":1,"1":59,"2":59,"3":124},"b":{"0":[59,55,2],"1":[1,58]},"_coverageSchema":"1a1c01bbd47fc00a2c39e90264f33305004495a9","hash":"a10e2241a5c12e825795d996edfd7782ae90f37b"}
,"/home/coelho/Projetos-Trybe/Projetos-Turma23A/sd-023-a-project-trybewallet/src/pages/Wallet.jsx": {"path":"/home/coelho/Projetos-Trybe/Projetos-Turma23A/sd-023-a-project-trybewallet/src/pages/Wallet.jsx","statementMap":{"0":{"start":{"line":9,"column":4},"end":{"line":15,"column":6}}},"fnMap":{"0":{"name":"(anonymous_0)","decl":{"start":{"line":8,"column":2},"end":{"line":8,"column":3}},"loc":{"start":{"line":8,"column":11},"end":{"line":16,"column":3}},"line":8}},"branchMap":{},"s":{"0":10},"f":{"0":10},"b":{},"_coverageSchema":"1a1c01bbd47fc00a2c39e90264f33305004495a9","hash":"a37311e44c01af677dfc632611513401a75a2b62"}
,"/home/coelho/Projetos-Trybe/Projetos-Turma23A/sd-023-a-project-trybewallet/src/redux/actions/index.js": {"path":"/home/coelho/Projetos-Trybe/Projetos-Turma23A/sd-023-a-project-trybewallet/src/redux/actions/index.js","statementMap":{"0":{"start":{"line":3,"column":26},"end":{"line":3,"column":38}},"1":{"start":{"line":4,"column":34},"end":{"line":4,"column":54}},"2":{"start":{"line":5,"column":33},"end":{"line":5,"column":52}},"3":{"start":{"line":6,"column":31},"end":{"line":6,"column":48}},"4":{"start":{"line":7,"column":35},"end":{"line":7,"column":56}},"5":{"start":{"line":8,"column":35},"end":{"line":8,"column":56}},"6":{"start":{"line":9,"column":37},"end":{"line":9,"column":60}},"7":{"start":{"line":10,"column":35},"end":{"line":10,"column":56}},"8":{"start":{"line":11,"column":36},"end":{"line":11,"column":58}},"9":{"start":{"line":13,"column":25},"end":{"line":17,"column":2}},"10":{"start":{"line":13,"column":37},"end":{"line":17,"column":1}},"11":{"start":{"line":19,"column":33},"end":{"line":21,"column":2}},"12":{"start":{"line":19,"column":40},"end":{"line":21,"column":1}},"13":{"start":{"line":23,"column":32},"end":{"line":26,"column":2}},"14":{"start":{"line":23,"column":42},"end":{"line":26,"column":1}},"15":{"start":{"line":28,"column":30},"end":{"line":31,"column":2}},"16":{"start":{"line":28,"column":42},"end":{"line":31,"column":1}},"17":{"start":{"line":33,"column":33},"end":{"line":35,"column":2}},"18":{"start":{"line":33,"column":40},"end":{"line":35,"column":1}},"19":{"start":{"line":37,"column":33},"end":{"line":40,"column":2}},"20":{"start":{"line":37,"column":43},"end":{"line":40,"column":1}},"21":{"start":{"line":42,"column":35},"end":{"line":45,"column":2}},"22":{"start":{"line":42,"column":50},"end":{"line":45,"column":1}},"23":{"start":{"line":47,"column":33},"end":{"line":50,"column":2}},"24":{"start":{"line":47,"column":48},"end":{"line":50,"column":1}},"25":{"start":{"line":52,"column":34},"end":{"line":55,"column":2}},"26":{"start":{"line":52,"column":49},"end":{"line":55,"column":1}},"27":{"start":{"line":57,"column":34},"end":{"line":66,"column":1}},"28":{"start":{"line":57,"column":40},"end":{"line":66,"column":1}},"29":{"start":{"line":58,"column":2},"end":{"line":58,"column":32}},"30":{"start":{"line":59,"column":24},"end":{"line":59,"column":42}},"31":{"start":{"line":61,"column":2},"end":{"line":65,"column":3}},"32":{"start":{"line":62,"column":4},"end":{"line":62,"column":89}},"33":{"start":{"line":62,"column":72},"end":{"line":62,"column":85}},"34":{"start":{"line":64,"column":4},"end":{"line":64,"column":36}},"35":{"start":{"line":68,"column":28},"end":{"line":77,"column":1}},"36":{"start":{"line":68,"column":42},"end":{"line":77,"column":1}},"37":{"start":{"line":69,"column":24},"end":{"line":69,"column":42}},"38":{"start":{"line":70,"column":2},"end":{"line":70,"column":32}},"39":{"start":{"line":71,"column":14},"end":{"line":75,"column":3}},"40":{"start":{"line":76,"column":2},"end":{"line":76,"column":35}}},"fnMap":{"0":{"name":"(anonymous_0)","decl":{"start":{"line":13,"column":25},"end":{"line":13,"column":26}},"loc":{"start":{"line":13,"column":37},"end":{"line":17,"column":1}},"line":13},"1":{"name":"(anonymous_1)","decl":{"start":{"line":19,"column":33},"end":{"line":19,"column":34}},"loc":{"start":{"line":19,"column":40},"end":{"line":21,"column":1}},"line":19},"2":{"name":"(anonymous_2)","decl":{"start":{"line":23,"column":32},"end":{"line":23,"column":33}},"loc":{"start":{"line":23,"column":42},"end":{"line":26,"column":1}},"line":23},"3":{"name":"(anonymous_3)","decl":{"start":{"line":28,"column":30},"end":{"line":28,"column":31}},"loc":{"start":{"line":28,"column":42},"end":{"line":31,"column":1}},"line":28},"4":{"name":"(anonymous_4)","decl":{"start":{"line":33,"column":33},"end":{"line":33,"column":34}},"loc":{"start":{"line":33,"column":40},"end":{"line":35,"column":1}},"line":33},"5":{"name":"(anonymous_5)","decl":{"start":{"line":37,"column":33},"end":{"line":37,"column":34}},"loc":{"start":{"line":37,"column":43},"end":{"line":40,"column":1}},"line":37},"6":{"name":"(anonymous_6)","decl":{"start":{"line":42,"column":35},"end":{"line":42,"column":36}},"loc":{"start":{"line":42,"column":50},"end":{"line":45,"column":1}},"line":42},"7":{"name":"(anonymous_7)","decl":{"start":{"line":47,"column":33},"end":{"line":47,"column":34}},"loc":{"start":{"line":47,"column":48},"end":{"line":50,"column":1}},"line":47},"8":{"name":"(anonymous_8)","decl":{"start":{"line":52,"column":34},"end":{"line":52,"column":35}},"loc":{"start":{"line":52,"column":49},"end":{"line":55,"column":1}},"line":52},"9":{"name":"(anonymous_9)","decl":{"start":{"line":57,"column":34},"end":{"line":57,"column":35}},"loc":{"start":{"line":57,"column":40},"end":{"line":66,"column":1}},"line":57},"10":{"name":"(anonymous_10)","decl":{"start":{"line":57,"column":40},"end":{"line":57,"column":41}},"loc":{"start":{"line":57,"column":60},"end":{"line":66,"column":1}},"line":57},"11":{"name":"(anonymous_11)","decl":{"start":{"line":62,"column":64},"end":{"line":62,"column":65}},"loc":{"start":{"line":62,"column":72},"end":{"line":62,"column":85}},"line":62},"12":{"name":"(anonymous_12)","decl":{"start":{"line":68,"column":28},"end":{"line":68,"column":29}},"loc":{"start":{"line":68,"column":42},"end":{"line":77,"column":1}},"line":68},"13":{"name":"(anonymous_13)","decl":{"start":{"line":68,"column":42},"end":{"line":68,"column":43}},"loc":{"start":{"line":68,"column":72},"end":{"line":77,"column":1}},"line":68}},"branchMap":{},"s":{"0":1,"1":1,"2":1,"3":1,"4":1,"5":1,"6":1,"7":1,"8":1,"9":1,"10":1,"11":1,"12":1,"13":1,"14":0,"15":1,"16":0,"17":1,"18":1,"19":1,"20":1,"21":1,"22":1,"23":1,"24":0,"25":1,"26":0,"27":1,"28":1,"29":1,"30":1,"31":0,"32":0,"33":0,"34":0,"35":1,"36":1,"37":1,"38":1,"39":1,"40":1},"f":{"0":1,"1":1,"2":0,"3":0,"4":1,"5":1,"6":1,"7":0,"8":0,"9":1,"10":1,"11":0,"12":1,"13":1},"b":{},"_coverageSchema":"1a1c01bbd47fc00a2c39e90264f33305004495a9","hash":"62df4d29dbb91874cd17d9a0ad04529b9c1a2c27"}
,"/home/coelho/Projetos-Trybe/Projetos-Turma23A/sd-023-a-project-trybewallet/src/redux/reducers/index.js": {"path":"/home/coelho/Projetos-Trybe/Projetos-Turma23A/sd-023-a-project-trybewallet/src/redux/reducers/index.js","statementMap":{"0":{"start":{"line":6,"column":20},"end":{"line":9,"column":2}}},"fnMap":{},"branchMap":{},"s":{"0":1},"f":{},"b":{},"_coverageSchema":"1a1c01bbd47fc00a2c39e90264f33305004495a9","hash":"f41fb708bc89c0d841cc0862b26b27ae2e71552e"}
,"/home/coelho/Projetos-Trybe/Projetos-Turma23A/sd-023-a-project-trybewallet/src/redux/reducers/user.js": {"path":"/home/coelho/Projetos-Trybe/Projetos-Turma23A/sd-023-a-project-trybewallet/src/redux/reducers/user.js","statementMap":{"0":{"start":{"line":4,"column":22},"end":{"line":6,"column":1}},"1":{"start":{"line":8,"column":21},"end":{"line":16,"column":1}},"2":{"start":{"line":9,"column":2},"end":{"line":15,"column":3}},"3":{"start":{"line":10,"column":19},"end":{"line":13,"column":4}},"4":{"start":{"line":14,"column":11},"end":{"line":14,"column":24}}},"fnMap":{"0":{"name":"(anonymous_0)","decl":{"start":{"line":8,"column":21},"end":{"line":8,"column":22}},"loc":{"start":{"line":8,"column":56},"end":{"line":16,"column":1}},"line":8}},"branchMap":{"0":{"loc":{"start":{"line":8,"column":22},"end":{"line":8,"column":43}},"type":"default-arg","locations":[{"start":{"line":8,"column":30},"end":{"line":8,"column":43}}],"line":8},"1":{"loc":{"start":{"line":9,"column":2},"end":{"line":15,"column":3}},"type":"switch","locations":[{"start":{"line":10,"column":2},"end":{"line":13,"column":4}},{"start":{"line":14,"column":2},"end":{"line":14,"column":24}}],"line":9}},"s":{"0":1,"1":1,"2":22,"3":1,"4":21},"f":{"0":22},"b":{"0":[17],"1":[1,21]},"_coverageSchema":"1a1c01bbd47fc00a2c39e90264f33305004495a9","hash":"91248b601a7eb0bd6b596f57df89a7e35b2c84af"}
,"/home/coelho/Projetos-Trybe/Projetos-Turma23A/sd-023-a-project-trybewallet/src/redux/reducers/wallet.js": {"path":"/home/coelho/Projetos-Trybe/Projetos-Turma23A/sd-023-a-project-trybewallet/src/redux/reducers/wallet.js","statementMap":{"0":{"start":{"line":13,"column":22},"end":{"line":22,"column":1}},"1":{"start":{"line":24,"column":15},"end":{"line":74,"column":1}},"2":{"start":{"line":25,"column":2},"end":{"line":73,"column":3}},"3":{"start":{"line":26,"column":27},"end":{"line":29,"column":4}},"4":{"start":{"line":31,"column":26},"end":{"line":35,"column":4}},"5":{"start":{"line":37,"column":24},"end":{"line":41,"column":4}},"6":{"start":{"line":44,"column":4},"end":{"line":46,"column":6}},"7":{"start":{"line":48,"column":28},"end":{"line":53,"column":4}},"8":{"start":{"line":55,"column":30},"end":{"line":58,"column":4}},"9":{"start":{"line":60,"column":28},"end":{"line":64,"column":4}},"10":{"start":{"line":66,"column":29},"end":{"line":70,"column":4}},"11":{"start":{"line":72,"column":11},"end":{"line":72,"column":24}}},"fnMap":{"0":{"name":"(anonymous_0)","decl":{"start":{"line":24,"column":15},"end":{"line":24,"column":16}},"loc":{"start":{"line":24,"column":50},"end":{"line":74,"column":1}},"line":24}},"branchMap":{"0":{"loc":{"start":{"line":24,"column":16},"end":{"line":24,"column":37}},"type":"default-arg","locations":[{"start":{"line":24,"column":24},"end":{"line":24,"column":37}}],"line":24},"1":{"loc":{"start":{"line":25,"column":2},"end":{"line":73,"column":3}},"type":"switch","locations":[{"start":{"line":26,"column":2},"end":{"line":29,"column":4}},{"start":{"line":31,"column":2},"end":{"line":35,"column":4}},{"start":{"line":37,"column":2},"end":{"line":41,"column":4}},{"start":{"line":43,"column":2},"end":{"line":46,"column":6}},{"start":{"line":48,"column":2},"end":{"line":53,"column":4}},{"start":{"line":55,"column":2},"end":{"line":58,"column":4}},{"start":{"line":60,"column":2},"end":{"line":64,"column":4}},{"start":{"line":66,"column":2},"end":{"line":70,"column":4}},{"start":{"line":72,"column":2},"end":{"line":72,"column":24}}],"line":25}},"s":{"0":1,"1":1,"2":22,"3":1,"4":0,"5":0,"6":1,"7":1,"8":1,"9":0,"10":0,"11":18},"f":{"0":22},"b":{"0":[17],"1":[1,0,0,1,1,1,0,0,18]},"_coverageSchema":"1a1c01bbd47fc00a2c39e90264f33305004495a9","hash":"3c008bd15a8384df074f871949f30545741bdd56"}
}
