TN:
SF:src/App.js
FN:7,(anonymous_0)
FNF:1
FNH:1
FNDA:15,(anonymous_0)
DA:8,15
LF:1
LH:1
BRF:0
BRH:0
end_of_record
TN:
SF:src/requestAPI.js
FN:1,(anonymous_0)
FNF:1
FNH:1
FNDA:2,(anonymous_0)
DA:1,1
DA:2,2
DA:3,2
DA:4,1
DA:5,1
LF:5
LH:5
BRF:0
BRH:0
end_of_record
TN:
SF:src/components/Header.js
FN:6,(anonymous_0)
FN:8,(anonymous_1)
FN:15,(anonymous_2)
FN:33,(anonymous_3)
FNF:4
FNH:4
FNDA:12,(anonymous_0)
FNDA:1,(anonymous_1)
FNDA:12,(anonymous_2)
FNDA:13,(anonymous_3)
DA:6,10
DA:7,12
DA:9,1
DA:12,12
DA:16,12
DA:18,12
DA:33,13
DA:40,1
LF:8
LH:8
BRDA:7,0,0,12
BRDA:7,0,1,11
BRF:2
BRH:2
end_of_record
TN:
SF:src/components/Table.js
FN:7,(anonymous_0)
FN:10,(anonymous_1)
FN:15,(anonymous_2)
FN:20,(anonymous_3)
FN:23,(anonymous_4)
FN:39,(anonymous_5)
FN:46,(anonymous_6)
FN:76,(anonymous_7)
FN:80,(anonymous_8)
FN:81,(anonymous_9)
FNF:10
FNH:8
FNDA:1,(anonymous_0)
FNDA:1,(anonymous_1)
FNDA:0,(anonymous_2)
FNDA:12,(anonymous_3)
FNDA:1,(anonymous_4)
FNDA:1,(anonymous_5)
FNDA:0,(anonymous_6)
FNDA:13,(anonymous_7)
FNDA:10,(anonymous_8)
FNDA:1,(anonymous_9)
DA:7,10
DA:8,1
DA:9,1
DA:10,1
DA:12,1
DA:15,10
DA:16,0
DA:17,0
DA:21,12
DA:22,12
DA:23,12
DA:24,1
DA:25,1
DA:39,1
DA:46,0
DA:55,12
DA:76,13
DA:80,10
DA:81,1
DA:86,1
LF:20
LH:17
BRDA:9,0,0,0
BRDA:9,0,1,1
BRDA:10,1,0,1
BRDA:10,1,1,0
BRDA:69,2,0,0
BRDA:69,2,1,12
BRF:6
BRH:3
end_of_record
TN:
SF:src/components/WalletForm.js
FN:19,(anonymous_0)
FN:26,(anonymous_1)
FN:32,(anonymous_2)
FN:39,(anonymous_3)
FN:76,(anonymous_4)
FN:126,(anonymous_5)
FN:132,(anonymous_6)
FN:133,(anonymous_7)
FNF:8
FNH:6
FNDA:1,(anonymous_0)
FNDA:9,(anonymous_1)
FNDA:0,(anonymous_2)
FNDA:20,(anonymous_3)
FNDA:0,(anonymous_4)
FNDA:13,(anonymous_5)
FNDA:10,(anonymous_6)
FNDA:1,(anonymous_7)
DA:7,1
DA:17,10
DA:19,10
DA:20,1
DA:21,1
DA:22,1
DA:23,1
DA:26,10
DA:27,9
DA:32,10
DA:33,0
DA:34,0
DA:35,0
DA:36,0
DA:40,20
DA:41,20
DA:42,20
DA:77,0
DA:126,13
DA:132,10
DA:133,1
DA:138,1
LF:22
LH:17
BRDA:75,0,0,1
BRDA:75,0,1,19
BRDA:117,1,0,0
BRDA:117,1,1,20
BRDA:119,2,0,0
BRDA:119,2,1,20
BRF:6
BRH:4
end_of_record
TN:
SF:src/helpers/mockData.js
FNF:0
FNH:0
DA:1,1
LF:1
LH:1
BRF:0
BRH:0
end_of_record
TN:
SF:src/helpers/renderWith.js
FN:11,(anonymous_0)
FNF:1
FNH:1
FNDA:15,(anonymous_0)
DA:11,1
DA:28,15
LF:2
LH:2
BRDA:13,0,0,6
BRDA:15,1,0,15
BRDA:19,2,0,15
BRDA:22,3,0,6
BRDA:26,4,0,15
BRF:5
BRH:5
end_of_record
TN:
SF:src/pages/Login.jsx
FN:15,(anonymous_0)
FN:25,(anonymous_1)
FN:37,(anonymous_2)
FN:43,(anonymous_3)
FNF:4
FNH:4
FNDA:1,(anonymous_0)
FNDA:59,(anonymous_1)
FNDA:59,(anonymous_2)
FNDA:124,(anonymous_3)
DA:6,1
DA:9,6
DA:15,6
DA:16,1
DA:17,1
DA:18,1
DA:20,1
DA:21,1
DA:22,1
DA:25,6
DA:26,59
DA:27,59
DA:28,59
DA:30,59
DA:31,1
DA:33,58
DA:37,6
DA:38,59
DA:44,124
DA:46,124
DA:86,1
LF:21
LH:21
BRDA:28,0,0,59
BRDA:28,0,1,55
BRDA:28,0,2,2
BRDA:30,1,0,1
BRDA:30,1,1,58
BRF:5
BRH:5
end_of_record
TN:
SF:src/pages/Wallet.jsx
FN:8,(anonymous_0)
FNF:1
FNH:1
FNDA:10,(anonymous_0)
DA:9,10
LF:1
LH:1
BRF:0
BRH:0
end_of_record
TN:
SF:src/redux/actions/index.js
FN:13,(anonymous_0)
FN:19,(anonymous_1)
FN:23,(anonymous_2)
FN:28,(anonymous_3)
FN:33,(anonymous_4)
FN:37,(anonymous_5)
FN:42,(anonymous_6)
FN:47,(anonymous_7)
FN:52,(anonymous_8)
FN:57,(anonymous_9)
FN:57,(anonymous_10)
FN:62,(anonymous_11)
FN:68,(anonymous_12)
FN:68,(anonymous_13)
FNF:14
FNH:9
FNDA:1,(anonymous_0)
FNDA:1,(anonymous_1)
FNDA:0,(anonymous_2)
FNDA:0,(anonymous_3)
FNDA:1,(anonymous_4)
FNDA:1,(anonymous_5)
FNDA:1,(anonymous_6)
FNDA:0,(anonymous_7)
FNDA:0,(anonymous_8)
FNDA:1,(anonymous_9)
FNDA:1,(anonymous_10)
FNDA:0,(anonymous_11)
FNDA:1,(anonymous_12)
FNDA:1,(anonymous_13)
DA:3,1
DA:4,1
DA:5,1
DA:6,1
DA:7,1
DA:8,1
DA:9,1
DA:10,1
DA:11,1
DA:13,1
DA:19,1
DA:23,1
DA:28,1
DA:33,1
DA:37,1
DA:42,1
DA:47,1
DA:52,1
DA:57,1
DA:58,1
DA:59,1
DA:61,0
DA:62,0
DA:64,0
DA:68,1
DA:69,1
DA:70,1
DA:71,1
DA:76,1
LF:29
LH:26
BRF:0
BRH:0
end_of_record
TN:
SF:src/redux/reducers/index.js
FNF:0
FNH:0
DA:6,1
LF:1
LH:1
BRF:0
BRH:0
end_of_record
TN:
SF:src/redux/reducers/user.js
FN:8,(anonymous_0)
FNF:1
FNH:1
FNDA:22,(anonymous_0)
DA:4,1
DA:8,1
DA:9,22
DA:10,1
DA:14,21
LF:5
LH:5
BRDA:8,0,0,17
BRDA:9,1,0,1
BRDA:9,1,1,21
BRF:3
BRH:3
end_of_record
TN:
SF:src/redux/reducers/wallet.js
FN:24,(anonymous_0)
FNF:1
FNH:1
FNDA:22,(anonymous_0)
DA:13,1
DA:24,1
DA:25,22
DA:26,1
DA:31,0
DA:37,0
DA:44,1
DA:48,1
DA:55,1
DA:60,0
DA:66,0
DA:72,18
LF:12
LH:8
BRDA:24,0,0,17
BRDA:25,1,0,1
BRDA:25,1,1,0
BRDA:25,1,2,0
BRDA:25,1,3,1
BRDA:25,1,4,1
BRDA:25,1,5,1
BRDA:25,1,6,0
BRDA:25,1,7,0
BRDA:25,1,8,18
BRF:10
BRH:6
end_of_record
